<?xml version="1.0" encoding="utf-8"?><testsuites name="pytest tests"><testsuite name="pytest" errors="0" failures="0" skipped="0" tests="14" time="19.158" timestamp="2026-04-27T17:28:30.322360+00:00" hostname="agent-env-659c5dd8-abb5-4155-bd85-0da06fbe271d"><testcase classname="backend.tests.test_new_features.TestReceiverNumbers" name="test_admin_set_receiver_numbers_success" time="4.419" /><testcase classname="backend.tests.test_new_features.TestReceiverNumbers" name="test_conflict_same_number_different_user" time="0.125" /><testcase classname="backend.tests.test_new_features.TestReceiverNumbers" name="test_non_admin_forbidden" time="0.111" /><testcase classname="backend.tests.test_new_features.TestReceiverNumbers" name="test_receiver_routing_endpoint" time="0.113" /><testcase classname="backend.tests.test_new_features.TestReceiverNumbers" name="test_receiver_routing_forbidden_for_exec" time="0.117" /><testcase classname="backend.tests.test_new_features.TestWhatsAppInboundSimulator" name="test_simulate_creates_lead_and_message" time="1.597" /><testcase classname="backend.tests.test_new_features.TestWhatsAppInboundSimulator" name="test_simulate_existing_lead_flips_has_whatsapp" time="2.001" /><testcase classname="backend.tests.test_new_features.TestWhatsAppInboundSimulator" name="test_status_update_webhook" time="1.207" /><testcase classname="backend.tests.test_new_features.TestWhatsAppInboundSimulator" name="test_whatsapp_send_flips_has_whatsapp" time="3.347" /><testcase classname="backend.tests.test_new_features.TestInboxFilter" name="test_include_all_returns_more_or_equal" time="0.309" /><testcase classname="backend.tests.test_new_features.TestInboxFilter" name="test_default_only_wa_active" time="0.141" /><testcase classname="backend.tests.test_new_features.TestIndiaMartRouting" name="test_auto_route_by_receiver_mobile" time="1.646" /><testcase classname="backend.tests.test_new_features.TestRoundRobinExcludesAdmin" name="test_admin_never_auto_assigned" time="3.455" /><testcase classname="backend.tests.test_new_features.TestRoundRobinExcludesAdmin" name="test_admin_can_be_manually_assigned" time="0.472" /></testsuite></testsuites>