<?xml version="1.0" encoding="utf-8"?><testsuites name="pytest tests"><testsuite name="pytest" errors="0" failures="0" skipped="0" tests="9" time="4.989" timestamp="2026-05-04T20:02:42.992632+00:00" hostname="agent-env-659c5dd8-abb5-4155-bd85-0da06fbe271d"><testcase classname="backend.tests.test_iteration11_wa_phone_filter.TestPerPhoneMessageFilter" name="test_no_phone_returns_all" time="3.194" /><testcase classname="backend.tests.test_iteration11_wa_phone_filter.TestPerPhoneMessageFilter" name="test_phone_a_returns_only_a" time="0.163" /><testcase classname="backend.tests.test_iteration11_wa_phone_filter.TestPerPhoneMessageFilter" name="test_phone_b_returns_only_b" time="0.162" /><testcase classname="backend.tests.test_iteration11_wa_phone_filter.TestPerPhoneMessageFilter" name="test_phone_invalid_no_500" time="0.141" /><testcase classname="backend.tests.test_iteration11_wa_phone_filter.TestPerPhoneMessageFilter" name="test_phone_empty_returns_all" time="0.374" /><testcase classname="backend.tests.test_iteration11_wa_phone_filter.TestActiveWaPhonePUT" name="test_set_active_wa_phone_persists" time="0.300" /><testcase classname="backend.tests.test_iteration11_wa_phone_filter.TestActiveWaPhonePUT" name="test_set_active_wa_phone_to_phone_a" time="0.271" /><testcase classname="backend.tests.test_iteration11_wa_phone_filter.TestQuickRepliesEndpoint" name="test_quick_replies_endpoint" time="0.157" /><testcase classname="backend.tests.test_iteration11_wa_phone_filter.TestWhatsAppTemplatesList" name="test_list_templates_endpoint" time="0.144" /></testsuite></testsuites>