<?xml version="1.0" encoding="utf-8"?><testsuites name="pytest tests"><testsuite name="pytest" errors="0" failures="0" skipped="0" tests="16" time="14.700" timestamp="2026-05-04T12:30:29.085897+00:00" hostname="agent-env-659c5dd8-abb5-4155-bd85-0da06fbe271d"><testcase classname="backend.tests.test_iteration9_dedup_gmail_slots.TestIndiamartPhoneDedup" name="test_same_phone_returns_same_lead" time="1.867" /><testcase classname="backend.tests.test_iteration9_dedup_gmail_slots.TestStickyKept" name="test_cross_source_keeps_owner_when_active" time="3.206" /><testcase classname="backend.tests.test_iteration9_dedup_gmail_slots.TestStickyKept" name="test_no_duplicate_lead_row_after_repeat" time="1.033" /><testcase classname="backend.tests.test_iteration9_dedup_gmail_slots.TestStickyReassignment" name="test_owner_on_leave_triggers_reassignment" time="2.223" /><testcase classname="backend.tests.test_iteration9_dedup_gmail_slots.TestSmartWelcomeSkip" name="test_no_welcome_when_prior_inbound_exists" time="2.310" /><testcase classname="backend.tests.test_iteration9_dedup_gmail_slots.TestManualPhoneAddTriggersTemplate" name="test_first_phone_add_on_justdial_lead" time="1.715" /><testcase classname="backend.tests.test_iteration9_dedup_gmail_slots.TestManualPhoneAddTriggersTemplate" name="test_non_justdial_lead_no_template_on_phone_add" time="0.952" /><testcase classname="backend.tests.test_iteration9_dedup_gmail_slots.TestGmailSlots" name="test_status_no_slot_returns_dual_shape" time="0.111" /><testcase classname="backend.tests.test_iteration9_dedup_gmail_slots.TestGmailSlots" name="test_status_single_slot_primary" time="0.105" /><testcase classname="backend.tests.test_iteration9_dedup_gmail_slots.TestGmailSlots" name="test_status_single_slot_secondary" time="0.128" /><testcase classname="backend.tests.test_iteration9_dedup_gmail_slots.TestGmailSlots" name="test_auth_init_secondary_slot" time="0.121" /><testcase classname="backend.tests.test_iteration9_dedup_gmail_slots.TestGmailSlots" name="test_auth_init_invalid_slot" time="0.104" /><testcase classname="backend.tests.test_iteration9_dedup_gmail_slots.TestGmailSlots" name="test_disconnect_secondary_idempotent" time="0.121" /><testcase classname="backend.tests.test_iteration9_dedup_gmail_slots.TestGmailSlots" name="test_sync_now_primary_only" time="0.215" /><testcase classname="backend.tests.test_iteration9_dedup_gmail_slots.TestGmailSlots" name="test_sync_now_no_slot_returns_combined" time="0.165" /><testcase classname="backend.tests.test_iteration9_dedup_gmail_slots.TestGmailIdDedup" name="test_no_duplicate_gmail_id_in_email_logs" time="0.258" /></testsuite></testsuites>