<?xml version="1.0" encoding="utf-8"?><testsuites name="pytest tests"><testsuite name="pytest" errors="0" failures="0" skipped="0" tests="22" time="33.597" timestamp="2026-05-03T10:23:32.998669+00:00" hostname="agent-env-659c5dd8-abb5-4155-bd85-0da06fbe271d"><testcase classname="backend.tests.test_iteration7_chatflows.TestRBAC" name="test_executive_403_on_chatflows_list" time="1.013" /><testcase classname="backend.tests.test_iteration7_chatflows.TestRBAC" name="test_executive_403_on_chatflows_create" time="0.109" /><testcase classname="backend.tests.test_iteration7_chatflows.TestRBAC" name="test_executive_403_on_chat_sessions" time="0.160" /><testcase classname="backend.tests.test_iteration7_chatflows.TestFlowCRUD" name="test_create_active_deactivates_others" time="0.443" /><testcase classname="backend.tests.test_iteration7_chatflows.TestFlowCRUD" name="test_get_returns_nodes_and_options_grouped" time="0.526" /><testcase classname="backend.tests.test_iteration7_chatflows.TestFlowCRUD" name="test_patch_name_and_active" time="0.210" /><testcase classname="backend.tests.test_iteration7_chatflows.TestFlowCRUD" name="test_delete_cascades" time="0.518" /><testcase classname="backend.tests.test_iteration7_chatflows.TestNodeCRUD" name="test_node_is_start_deactivates_others" time="0.429" /><testcase classname="backend.tests.test_iteration7_chatflows.TestNodeCRUD" name="test_node_delete_clears_next_node_refs" time="0.636" /><testcase classname="backend.tests.test_iteration7_chatflows.TestNodeCRUD" name="test_options_replace_full_set" time="0.548" /><testcase classname="backend.tests.test_iteration7_chatflows.TestPayloadValidation" name="test_button_more_than_3_options_start_fails" time="1.675" /><testcase classname="backend.tests.test_iteration7_chatflows.TestPayloadValidation" name="test_list_node_no_options_fails_on_start" time="1.305" /><testcase classname="backend.tests.test_iteration7_chatflows.TestFlowStart" name="test_text_node_sends_without_24h" time="1.385" /><testcase classname="backend.tests.test_iteration7_chatflows.TestFlowStart" name="test_button_outside_24h_skipped_when_lead_exists" time="1.736" /><testcase classname="backend.tests.test_iteration7_chatflows.TestFlowStart" name="test_button_inside_24h_sends_after_simulate" time="2.986" /><testcase classname="backend.tests.test_iteration7_chatflows.TestChatSessions" name="test_chat_sessions_after_send" time="1.982" /><testcase classname="backend.tests.test_iteration7_chatflows.TestWebhookDispatch" name="test_button_reply_advances" time="5.123" /><testcase classname="backend.tests.test_iteration7_chatflows.TestWebhookDispatch" name="test_list_reply_advances" time="4.179" /><testcase classname="backend.tests.test_iteration7_chatflows.TestWebhookDispatch" name="test_unknown_option_keeps_session" time="3.815" /><testcase classname="backend.tests.test_iteration7_chatflows.TestWebhookDispatch" name="test_no_session_inbound_starts_active_flow" time="2.878" /><testcase classname="backend.tests.test_iteration7_chatflows.TestApiVersionDynamic" name="test_no_hardcoded_v_prefixed_versions_in_server" time="0.001" /><testcase classname="backend.tests.test_iteration7_chatflows.TestApiVersionDynamic" name="test_wa_send_interactive_uses_cfg_api_version" time="1.839" /></testsuite></testsuites>