<?xml version="1.0" encoding="utf-8"?><testsuites name="pytest tests"><testsuite name="pytest" errors="0" failures="1" skipped="0" tests="22" time="13.774" timestamp="2026-05-03T18:19:17.094877+00:00" hostname="agent-env-659c5dd8-abb5-4155-bd85-0da06fbe271d"><testcase classname="backend.tests.test_iteration7_routing_leaves_internal.TestBuyleadsRouting" name="test_get_routing_returns_configs_and_executives" time="0.849" /><testcase classname="backend.tests.test_iteration7_routing_leaves_internal.TestBuyleadsRouting" name="test_non_admin_blocked" time="0.463" /><testcase classname="backend.tests.test_iteration7_routing_leaves_internal.TestBuyleadsRouting" name="test_indiamart_buylead_with_selected_routes_to_priya" time="1.168" /><testcase classname="backend.tests.test_iteration7_routing_leaves_internal.TestBuyleadsRouting" name="test_non_buylead_indiamart_uses_default_rr" time="0.909" /><testcase classname="backend.tests.test_iteration7_routing_leaves_internal.TestBuyleadsRouting" name="test_change_routing_does_not_reassign_existing" time="1.415" /><testcase classname="backend.tests.test_iteration7_routing_leaves_internal.TestBuyleadsRouting" name="test_mode_all_resets_buyleads_to_default_rr" time="0.949" /><testcase classname="backend.tests.test_iteration7_routing_leaves_internal.TestBuyleadsRouting" name="test_exportersindia_buylead_routes_to_selected" time="0.244"><failure message="AssertionError: {&quot;detail&quot;:&quot;Invalid or missing API key&quot;}&#10;assert 401 == 200&#10; +  where 401 = &lt;Response [401]&gt;.status_code">backend/tests/test_iteration7_routing_leaves_internal.py:195: in test_exportersindia_buylead_routes_to_selected
    assert wr.status_code == 200, wr.text
E   AssertionError: {"detail":"Invalid or missing API key"}
E   assert 401 == 200
E    +  where 401 = &lt;Response [401]&gt;.status_code</failure></testcase><testcase classname="backend.tests.test_iteration7_routing_leaves_internal.TestLeaveManagement" name="test_create_active_leave_blocks_executive" time="0.716" /><testcase classname="backend.tests.test_iteration7_routing_leaves_internal.TestLeaveManagement" name="test_active_leave_excluded_from_auto_assign" time="1.027" /><testcase classname="backend.tests.test_iteration7_routing_leaves_internal.TestLeaveManagement" name="test_pns_receiver_match_skipped_for_on_leave" time="1.059" /><testcase classname="backend.tests.test_iteration7_routing_leaves_internal.TestLeaveManagement" name="test_buyleads_allowlist_only_on_leave_falls_back" time="1.214" /><testcase classname="backend.tests.test_iteration7_routing_leaves_internal.TestLeaveManagement" name="test_patch_leave" time="0.220" /><testcase classname="backend.tests.test_iteration7_routing_leaves_internal.TestLeaveManagement" name="test_cancel_leave_reinstates_access" time="0.690" /><testcase classname="backend.tests.test_iteration7_routing_leaves_internal.TestLeaveManagement" name="test_future_leave_does_not_block" time="0.781" /><testcase classname="backend.tests.test_iteration7_routing_leaves_internal.TestInternalChat" name="test_executive_send_on_own_lead" time="0.834" /><testcase classname="backend.tests.test_iteration7_routing_leaves_internal.TestInternalChat" name="test_executive_send_on_other_lead_403" time="0.436" /><testcase classname="backend.tests.test_iteration7_routing_leaves_internal.TestInternalChat" name="test_executive_get_other_lead_403" time="0.106" /><testcase classname="backend.tests.test_iteration7_routing_leaves_internal.TestInternalChat" name="test_admin_get_threads_list" time="0.111" /><testcase classname="backend.tests.test_iteration7_routing_leaves_internal.TestInternalChat" name="test_admin_get_specific_thread" time="0.116" /><testcase classname="backend.tests.test_iteration7_routing_leaves_internal.TestInternalChat" name="test_admin_send_requires_to_user_id" time="0.119" /><testcase classname="backend.tests.test_iteration7_routing_leaves_internal.TestInternalChat" name="test_admin_send_with_to_user_id" time="0.119" /><testcase classname="backend.tests.test_iteration7_routing_leaves_internal.TestInternalChat" name="test_mark_read" time="0.105" /></testsuite></testsuites>