<?xml version="1.0" encoding="utf-8"?><testsuites name="pytest tests"><testsuite name="pytest" errors="0" failures="0" skipped="0" tests="23" time="9.379" timestamp="2026-05-01T11:59:57.285661+00:00" hostname="agent-env-659c5dd8-abb5-4155-bd85-0da06fbe271d"><testcase classname="backend.tests.test_iteration4.TestCallLogs" name="test_log_call_no_response_ok" time="2.567" /><testcase classname="backend.tests.test_iteration4.TestCallLogs" name="test_log_call_connected_requires_summary" time="0.103" /><testcase classname="backend.tests.test_iteration4.TestCallLogs" name="test_log_call_connected_with_summary_ok" time="0.118" /><testcase classname="backend.tests.test_iteration4.TestCallLogs" name="test_list_lead_calls_sorted_desc" time="0.148" /><testcase classname="backend.tests.test_iteration4.TestCallLogs" name="test_executive_cannot_read_others_calls" time="0.875" /><testcase classname="backend.tests.test_iteration4.TestCallLogs" name="test_calls_feed_admin_sees_all" time="0.107" /><testcase classname="backend.tests.test_iteration4.TestCallLogs" name="test_calls_feed_invalid_outcome_400" time="0.100" /><testcase classname="backend.tests.test_iteration4.TestCallLogs" name="test_calls_feed_exec_only_own" time="0.110" /><testcase classname="backend.tests.test_iteration4.TestCallLogs" name="test_calls_feed_outcome_filter" time="0.110" /><testcase classname="backend.tests.test_iteration4.TestLeadFilters" name="test_last_call_outcome_filter_valid" time="0.147" /><testcase classname="backend.tests.test_iteration4.TestLeadFilters" name="test_last_call_outcome_filter_invalid" time="0.103" /><testcase classname="backend.tests.test_iteration4.TestLeadFilters" name="test_q_matches_alias" time="0.278" /><testcase classname="backend.tests.test_iteration4.TestLeadPatchNewFields" name="test_patch_requirement_sets_updated_at" time="0.109" /><testcase classname="backend.tests.test_iteration4.TestLeadPatchNewFields" name="test_patch_active_wa_phone_via_patch" time="0.111" /><testcase classname="backend.tests.test_iteration4.TestActiveWaPhone" name="test_set_valid_phone" time="0.110" /><testcase classname="backend.tests.test_iteration4.TestActiveWaPhone" name="test_set_suffix_match" time="0.126" /><testcase classname="backend.tests.test_iteration4.TestActiveWaPhone" name="test_set_invalid_phone_400" time="0.123" /><testcase classname="backend.tests.test_iteration4.TestActivityRBAC" name="test_admin_sees_all_including_lead_assigned" time="0.105" /><testcase classname="backend.tests.test_iteration4.TestActivityRBAC" name="test_exec_does_not_see_reassignment" time="0.107" /><testcase classname="backend.tests.test_iteration4.TestReportsOverview" name="test_per_executive_fields" time="0.128" /><testcase classname="backend.tests.test_iteration4.TestFollowupsEnriched" name="test_list_followups_enriched" time="0.224" /><testcase classname="backend.tests.test_iteration4.TestFollowupsEnriched" name="test_patch_followup_done" time="0.219" /><testcase classname="backend.tests.test_iteration4.TestRoundRobinExcludesAdmin" name="test_im_webhook_no_receiver_never_picks_admin" time="3.181" /></testsuite></testsuites>