<?xml version="1.0" encoding="utf-8"?><testsuites name="pytest tests"><testsuite name="pytest" errors="0" failures="0" skipped="0" tests="14" time="3.523" timestamp="2026-05-06T06:46:23.350941+00:00" hostname="agent-env-659c5dd8-abb5-4155-bd85-0da06fbe271d"><testcase classname="backend.tests.test_iteration14_dedup_delete_replied.TestJustdialProfileUrlDedup" name="test_a_first_ingest_creates_lead" time="0.259" /><testcase classname="backend.tests.test_iteration14_dedup_delete_replied.TestJustdialProfileUrlDedup" name="test_b_second_ingest_with_query_param_returns_same_lead_id" time="0.103" /><testcase classname="backend.tests.test_iteration14_dedup_delete_replied.TestJustdialProfileUrlDedup" name="test_c_third_ingest_uppercase_host_still_dedups" time="0.139" /><testcase classname="backend.tests.test_iteration14_dedup_delete_replied.TestJustdialProfileUrlDedup" name="test_d_lead_persisted_with_normalized_url" time="0.888" /><testcase classname="backend.tests.test_iteration14_dedup_delete_replied.TestDeleteLeadCascade" name="test_a_seed_lead_via_justdial" time="0.220" /><testcase classname="backend.tests.test_iteration14_dedup_delete_replied.TestDeleteLeadCascade" name="test_b_executive_cannot_delete_lead_403" time="0.445" /><testcase classname="backend.tests.test_iteration14_dedup_delete_replied.TestDeleteLeadCascade" name="test_c_admin_delete_returns_cascade_summary" time="0.129" /><testcase classname="backend.tests.test_iteration14_dedup_delete_replied.TestDeleteLeadCascade" name="test_d_lead_404_after_delete" time="0.102" /><testcase classname="backend.tests.test_iteration14_dedup_delete_replied.TestDeleteLeadCascade" name="test_e_activity_logs_for_lead_gone" time="0.143" /><testcase classname="backend.tests.test_iteration14_dedup_delete_replied.TestDeleteLeadCascade" name="test_f_delete_nonexistent_returns_404" time="0.103" /><testcase classname="backend.tests.test_iteration14_dedup_delete_replied.TestDeleteLeadCascade" name="test_g_double_delete_returns_404" time="0.100" /><testcase classname="backend.tests.test_iteration14_dedup_delete_replied.TestOnlyRepliedFilter" name="test_a_endpoint_returns_200" time="0.188" /><testcase classname="backend.tests.test_iteration14_dedup_delete_replied.TestOnlyRepliedFilter" name="test_b_only_replied_implies_last_in_at_present" time="0.216" /><testcase classname="backend.tests.test_iteration14_dedup_delete_replied.TestOnlyRepliedFilter" name="test_c_filter_off_superset" time="0.421" /></testsuite></testsuites>