<?xml version="1.0" encoding="utf-8"?><testsuites name="pytest tests"><testsuite name="pytest" errors="0" failures="0" skipped="0" tests="37" time="21.529" timestamp="2026-05-01T12:31:26.901907+00:00" hostname="agent-env-659c5dd8-abb5-4155-bd85-0da06fbe271d"><testcase classname="backend.tests.test_iteration5.TestPhoneNormalization" name="test_indian_variants_all_canonicalize_to_10_digits" time="1.341" /><testcase classname="backend.tests.test_iteration5.TestPhoneNormalization" name="test_international_stored_as_plus_digits" time="0.117" /><testcase classname="backend.tests.test_iteration5.TestCrossSourceDedup" name="test_indiamart_webhook_dedups_with_existing_manual_lead" time="1.006" /><testcase classname="backend.tests.test_iteration5.TestDedupRBAC" name="test_admin_post_duplicate_returns_existing_flagged" time="0.720" /><testcase classname="backend.tests.test_iteration5.TestDedupRBAC" name="test_exec_duplicate_owned_by_self_returns_existing" time="1.130" /><testcase classname="backend.tests.test_iteration5.TestDedupRBAC" name="test_exec_duplicate_owned_by_other_returns_409_structured" time="1.069" /><testcase classname="backend.tests.test_iteration5.TestAddPhoneCrossLead" name="test_add_phone_already_on_other_lead_409" time="2.068" /><testcase classname="backend.tests.test_iteration5.TestAddPhoneCrossLead" name="test_add_phone_already_on_same_lead_409" time="0.739" /><testcase classname="backend.tests.test_iteration5.TestStartChatDedup" name="test_start_chat_foreign_owner_returns_structured_409" time="0.795" /><testcase classname="backend.tests.test_iteration5.TestStartChatDedup" name="test_start_chat_admin_bypasses_and_returns_existing" time="0.685" /><testcase classname="backend.tests.test_iteration5.TestSearchVariations" name="test_all_variations_match" time="1.101" /><testcase classname="backend.tests.test_iteration5.TestAdminSelfAssign" name="test_admin_reassign_to_self" time="0.890" /><testcase classname="backend.tests.test_iteration5.TestRoundRobinExcludesAdmin" name="test_indiamart_no_receiver_never_assigns_to_admin" time="0.711" /><testcase classname="backend.tests.test_iteration5.TestMigration" name="test_no_plus91_or_hyphenated_indian_phones_remain" time="0.406" /><testcase classname="backend.tests.test_iteration4.TestCallLogs" name="test_log_call_no_response_ok" time="2.135" /><testcase classname="backend.tests.test_iteration4.TestCallLogs" name="test_log_call_connected_requires_summary" time="0.116" /><testcase classname="backend.tests.test_iteration4.TestCallLogs" name="test_log_call_connected_with_summary_ok" time="0.103" /><testcase classname="backend.tests.test_iteration4.TestCallLogs" name="test_list_lead_calls_sorted_desc" time="0.121" /><testcase classname="backend.tests.test_iteration4.TestCallLogs" name="test_executive_cannot_read_others_calls" time="0.910" /><testcase classname="backend.tests.test_iteration4.TestCallLogs" name="test_calls_feed_admin_sees_all" time="0.103" /><testcase classname="backend.tests.test_iteration4.TestCallLogs" name="test_calls_feed_invalid_outcome_400" time="0.098" /><testcase classname="backend.tests.test_iteration4.TestCallLogs" name="test_calls_feed_exec_only_own" time="0.114" /><testcase classname="backend.tests.test_iteration4.TestCallLogs" name="test_calls_feed_outcome_filter" time="0.096" /><testcase classname="backend.tests.test_iteration4.TestLeadFilters" name="test_last_call_outcome_filter_valid" time="0.102" /><testcase classname="backend.tests.test_iteration4.TestLeadFilters" name="test_last_call_outcome_filter_invalid" time="0.106" /><testcase classname="backend.tests.test_iteration4.TestLeadFilters" name="test_q_matches_alias" time="0.256" /><testcase classname="backend.tests.test_iteration4.TestLeadPatchNewFields" name="test_patch_requirement_sets_updated_at" time="0.106" /><testcase classname="backend.tests.test_iteration4.TestLeadPatchNewFields" name="test_patch_active_wa_phone_via_patch" time="0.108" /><testcase classname="backend.tests.test_iteration4.TestActiveWaPhone" name="test_set_valid_phone" time="0.115" /><testcase classname="backend.tests.test_iteration4.TestActiveWaPhone" name="test_set_suffix_match" time="0.105" /><testcase classname="backend.tests.test_iteration4.TestActiveWaPhone" name="test_set_invalid_phone_400" time="0.115" /><testcase classname="backend.tests.test_iteration4.TestActivityRBAC" name="test_admin_sees_all_including_lead_assigned" time="0.113" /><testcase classname="backend.tests.test_iteration4.TestActivityRBAC" name="test_exec_does_not_see_reassignment" time="0.128" /><testcase classname="backend.tests.test_iteration4.TestReportsOverview" name="test_per_executive_fields" time="0.132" /><testcase classname="backend.tests.test_iteration4.TestFollowupsEnriched" name="test_list_followups_enriched" time="0.237" /><testcase classname="backend.tests.test_iteration4.TestFollowupsEnriched" name="test_patch_followup_done" time="0.217" /><testcase classname="backend.tests.test_iteration4.TestRoundRobinExcludesAdmin" name="test_im_webhook_no_receiver_never_picks_admin" time="3.027" /></testsuite></testsuites>