<?xml version="1.0" encoding="utf-8"?><testsuites name="pytest tests"><testsuite name="pytest" errors="0" failures="0" skipped="0" tests="15" time="37.018" timestamp="2026-05-06T09:47:22.347313+00:00" hostname="agent-env-659c5dd8-abb5-4155-bd85-0da06fbe271d"><testcase classname="backend.tests.test_iteration15_email_autosend.TestEmailSettings" name="test_get_settings_returns_masked_and_has_password" time="0.682" /><testcase classname="backend.tests.test_iteration15_email_autosend.TestEmailSettings" name="test_get_settings_forbidden_for_executive" time="0.458" /><testcase classname="backend.tests.test_iteration15_email_autosend.TestEmailSettings" name="test_put_settings_blank_password_preserves_existing" time="0.206" /><testcase classname="backend.tests.test_iteration15_email_autosend.TestEmailTemplate" name="test_get_and_put_template" time="0.238" /><testcase classname="backend.tests.test_iteration15_email_autosend.TestLiveSmtpSend" name="test_invalid_recipient_returns_400" time="0.098" /><testcase classname="backend.tests.test_iteration15_email_autosend.TestLiveSmtpSend" name="test_live_smtp_loopback_send" time="1.458" /><testcase classname="backend.tests.test_iteration15_email_autosend.TestAutoSendOnCreate" name="test_create_lead_with_email_triggers_autosend" time="4.249" /><testcase classname="backend.tests.test_iteration15_email_autosend.TestAutoSendOnCreate" name="test_variable_substitution_in_email_log" time="2.297" /><testcase classname="backend.tests.test_iteration15_email_autosend.TestAddEmail" name="test_invalid_email_returns_400" time="0.952" /><testcase classname="backend.tests.test_iteration15_email_autosend.TestAddEmail" name="test_first_email_becomes_primary" time="4.668" /><testcase classname="backend.tests.test_iteration15_email_autosend.TestAddEmail" name="test_subsequent_email_goes_to_emails_array" time="3.814" /><testcase classname="backend.tests.test_iteration15_email_autosend.TestAddEmail" name="test_duplicate_email_returns_409" time="2.139" /><testcase classname="backend.tests.test_iteration15_email_autosend.TestAddEmail" name="test_remove_then_readd_is_skipped_from_autosend" time="4.980" /><testcase classname="backend.tests.test_iteration15_email_autosend.TestRemoveEmail" name="test_remove_primary_promotes_next" time="3.465" /><testcase classname="backend.tests.test_iteration15_email_autosend.TestRemoveEmail" name="test_remove_from_emails_array" time="7.224" /></testsuite></testsuites>