<?xml version="1.0" encoding="utf-8"?><testsuites name="pytest tests"><testsuite name="pytest" errors="0" failures="0" skipped="0" tests="14" time="8.255" timestamp="2026-05-04T20:15:36.595082+00:00" hostname="agent-env-659c5dd8-abb5-4155-bd85-0da06fbe271d"><testcase classname="backend.tests.test_iteration11_wa_phone_filter.TestPerPhoneMessageFilter" name="test_no_phone_returns_all" time="3.621" /><testcase classname="backend.tests.test_iteration11_wa_phone_filter.TestPerPhoneMessageFilter" name="test_phone_a_returns_only_a" time="0.125" /><testcase classname="backend.tests.test_iteration11_wa_phone_filter.TestPerPhoneMessageFilter" name="test_phone_b_returns_only_b_inbound_fixed" time="0.141" /><testcase classname="backend.tests.test_iteration11_wa_phone_filter.TestPerPhoneMessageFilter" name="test_inbound_msg_has_from_and_to_phone" time="0.240" /><testcase classname="backend.tests.test_iteration11_wa_phone_filter.TestPerPhoneMessageFilter" name="test_phone_invalid_no_500" time="0.133" /><testcase classname="backend.tests.test_iteration11_wa_phone_filter.TestPerPhoneMessageFilter" name="test_phone_empty_returns_all" time="0.263" /><testcase classname="backend.tests.test_iteration11_wa_phone_filter.TestActiveWaPhonePUT" name="test_set_active_wa_phone_persists" time="0.347" /><testcase classname="backend.tests.test_iteration11_wa_phone_filter.TestActiveWaPhonePUT" name="test_set_active_wa_phone_to_phone_a" time="0.320" /><testcase classname="backend.tests.test_iteration11_wa_phone_filter.TestQuickRepliesEndpoint" name="test_quick_replies_endpoint" time="0.186" /><testcase classname="backend.tests.test_iteration11_wa_phone_filter.TestWhatsAppTemplatesList" name="test_list_templates_endpoint" time="0.139" /><testcase classname="backend.tests.test_iteration12_chat_no_mutation.TestInboundWebhookFields" name="test_inbound_message_has_from_field" time="1.974" /><testcase classname="backend.tests.test_iteration12_chat_no_mutation.TestInboundWebhookFields" name="test_inbound_message_has_to_phone_field" time="0.184" /><testcase classname="backend.tests.test_iteration12_chat_no_mutation.TestInboundWebhookFields" name="test_phone_filter_returns_inbound" time="0.124" /><testcase classname="backend.tests.test_iteration12_chat_no_mutation.TestChatDeepLinkNoMutation" name="test_active_wa_phone_not_set_implicitly" time="0.395" /></testsuite></testsuites>