<?xml version="1.0" encoding="utf-8"?><testsuites name="pytest tests"><testsuite name="pytest" errors="0" failures="0" skipped="0" tests="15" time="11.848" timestamp="2026-05-05T12:08:07.863333+00:00" hostname="agent-env-659c5dd8-abb5-4155-bd85-0da06fbe271d"><testcase classname="backend.tests.test_iteration13_qr_transfer_history.TestQuickReplies" name="test_list_qr_admin" time="1.627" /><testcase classname="backend.tests.test_iteration13_qr_transfer_history.TestQuickReplies" name="test_create_text_only_qr" time="1.139" /><testcase classname="backend.tests.test_iteration13_qr_transfer_history.TestQuickReplies" name="test_create_media_qr" time="0.262" /><testcase classname="backend.tests.test_iteration13_qr_transfer_history.TestQuickReplies" name="test_create_media_qr_invalid_type_400" time="0.282" /><testcase classname="backend.tests.test_iteration13_qr_transfer_history.TestQuickReplies" name="test_update_qr_media_fields" time="0.487" /><testcase classname="backend.tests.test_iteration13_qr_transfer_history.TestQuickReplies" name="test_executive_cannot_create_qr" time="0.612" /><testcase classname="backend.tests.test_iteration13_qr_transfer_history.TestQuickReplies" name="test_executive_can_list_qr" time="0.606" /><testcase classname="backend.tests.test_iteration13_qr_transfer_history.TestQuickReplies" name="test_cleanup_qr" time="0.467" /><testcase classname="backend.tests.test_iteration13_qr_transfer_history.TestTransferRequests" name="test_admin_lists_pending_transfer_requests" time="2.262" /><testcase classname="backend.tests.test_iteration13_qr_transfer_history.TestTransferRequests" name="test_executive_sees_only_own_requests" time="0.367" /><testcase classname="backend.tests.test_iteration13_qr_transfer_history.TestTransferRequests" name="test_executive_cannot_approve" time="0.265" /><testcase classname="backend.tests.test_iteration13_qr_transfer_history.TestTransferRequests" name="test_admin_approves_and_lead_reassigned" time="1.012" /><testcase classname="backend.tests.test_iteration13_qr_transfer_history.TestTransferRequests" name="test_admin_double_approve_returns_400" time="0.236" /><testcase classname="backend.tests.test_iteration13_qr_transfer_history.TestTransferRequests" name="test_admin_rejects_request_does_not_change_assignee" time="2.136" /><testcase classname="backend.tests.test_iteration13_qr_transfer_history.TestAutoReassignSkip" name="test_auto_reassign_query_filters_status_new" time="0.001" /></testsuite></testsuites>