<?xml version="1.0" encoding="utf-8"?><testsuites name="pytest tests"><testsuite name="pytest" errors="0" failures="0" skipped="0" tests="17" time="14.469" timestamp="2026-05-03T11:39:30.297223+00:00" hostname="agent-env-659c5dd8-abb5-4155-bd85-0da06fbe271d"><testcase classname="backend.tests.test_iteration8_canvas_media.TestCanvasNodePositions" name="test_default_xy_stagger_for_first_few_nodes" time="1.111" /><testcase classname="backend.tests.test_iteration8_canvas_media.TestCanvasNodePositions" name="test_bulk_position_save_persists" time="0.585" /><testcase classname="backend.tests.test_iteration8_canvas_media.TestCanvasNodePositions" name="test_positions_endpoint_404_for_unknown_flow" time="0.106" /><testcase classname="backend.tests.test_iteration8_canvas_media.TestCanvasNodePositions" name="test_positions_endpoint_admin_only" time="0.428" /><testcase classname="backend.tests.test_iteration8_canvas_media.TestUploadAndServeMedia" name="test_upload_image_and_fetch" time="0.272" /><testcase classname="backend.tests.test_iteration8_canvas_media.TestUploadAndServeMedia" name="test_upload_invalid_kind_rejected" time="0.109" /><testcase classname="backend.tests.test_iteration8_canvas_media.TestUploadAndServeMedia" name="test_upload_admin_only" time="0.439" /><testcase classname="backend.tests.test_iteration8_canvas_media.TestUploadAndServeMedia" name="test_serve_404_for_unknown" time="0.105" /><testcase classname="backend.tests.test_iteration8_canvas_media.TestMediaNodeSends" name="test_image_node_send_returns_sent_mock" time="1.676" /><testcase classname="backend.tests.test_iteration8_canvas_media.TestMediaNodeSends" name="test_video_node_send_returns_sent_mock" time="1.291" /><testcase classname="backend.tests.test_iteration8_canvas_media.TestMediaNodeSends" name="test_document_node_send_returns_sent_mock" time="1.214" /><testcase classname="backend.tests.test_iteration8_canvas_media.TestMediaNodeSends" name="test_image_node_missing_media_url_returns_error" time="0.589" /><testcase classname="backend.tests.test_iteration8_canvas_media.TestCarouselNode" name="test_carousel_send_with_two_cards_options_and_next_node" time="2.829" /><testcase classname="backend.tests.test_iteration8_canvas_media.TestCarouselNode" name="test_carousel_no_cards_returns_error" time="0.570" /><testcase classname="backend.tests.test_iteration8_canvas_media.TestConnectEdgeUpdatesNextNodeId" name="test_put_options_updates_next_node_id" time="0.669" /><testcase classname="backend.tests.test_iteration8_canvas_media.TestRegressionFlowAdmin" name="test_list_create_toggle_delete" time="0.621" /><testcase classname="backend.tests.test_iteration8_canvas_media.TestRegressionFlowAdmin" name="test_button_and_list_nodes_still_work" time="1.740" /></testsuite></testsuites>