<?xml version="1.0" encoding="utf-8"?><testsuites name="pytest tests"><testsuite name="pytest" errors="0" failures="0" skipped="0" tests="13" time="14.062" timestamp="2026-05-03T19:39:18.388880+00:00" hostname="agent-env-659c5dd8-abb5-4155-bd85-0da06fbe271d"><testcase classname="backend.tests.test_iteration8_qa_tracking.TestInternalQAThreads" name="test_admin_returns_all_threads_with_required_fields" time="2.630" /><testcase classname="backend.tests.test_iteration8_qa_tracking.TestInternalQAThreads" name="test_executive_sees_only_own_threads" time="1.631" /><testcase classname="backend.tests.test_iteration8_qa_tracking.TestInternalQAThreads" name="test_status_filter_pending_only" time="0.139" /><testcase classname="backend.tests.test_iteration8_qa_tracking.TestInternalQAThreads" name="test_status_filter_answered_only" time="1.535" /><testcase classname="backend.tests.test_iteration8_qa_tracking.TestInternalQAThreads" name="test_admin_filter_by_agent_id" time="0.110" /><testcase classname="backend.tests.test_iteration8_qa_tracking.TestInternalQAThreads" name="test_executive_agent_id_filter_ignored" time="0.126" /><testcase classname="backend.tests.test_iteration8_qa_tracking.TestInternalQAThreads" name="test_free_text_search" time="1.277" /><testcase classname="backend.tests.test_iteration8_qa_tracking.TestInternalQAThreads" name="test_status_flips_pending_to_answered" time="1.388" /><testcase classname="backend.tests.test_iteration8_qa_tracking.TestInboxInternalQAStatus" name="test_inbox_includes_internal_qa_status_field" time="0.222" /><testcase classname="backend.tests.test_iteration8_qa_tracking.TestInboxInternalQAStatus" name="test_inbox_pending_then_answered_for_lead" time="1.757" /><testcase classname="backend.tests.test_iteration8_qa_tracking.TestInboxInternalQAStatus" name="test_inbox_executive_only_sees_own_qa_status" time="1.152" /><testcase classname="backend.tests.test_iteration8_qa_tracking.TestAccessControlRegression" name="test_executive_post_to_unassigned_lead_returns_403" time="1.072" /><testcase classname="backend.tests.test_iteration8_qa_tracking.TestAccessControlRegression" name="test_executive_get_unassigned_lead_returns_403" time="0.926" /></testsuite></testsuites>