<?xml version="1.0" encoding="utf-8"?><testsuites name="pytest tests"><testsuite name="pytest" errors="0" failures="0" skipped="0" tests="28" time="9.449" timestamp="2026-04-18T21:00:53.599137+00:00" hostname="agent-env-659c5dd8-abb5-4155-bd85-0da06fbe271d"><testcase classname="backend.tests.backend_test.TestAuth" name="test_login_admin_success" time="0.435" /><testcase classname="backend.tests.backend_test.TestAuth" name="test_login_wrong_password_401" time="0.368" /><testcase classname="backend.tests.backend_test.TestAuth" name="test_me_with_bearer" time="0.489" /><testcase classname="backend.tests.backend_test.TestAuth" name="test_me_without_token_401" time="0.166" /><testcase classname="backend.tests.backend_test.TestRoleGuards" name="test_executive_cannot_access_reports_overview" time="0.481" /><testcase classname="backend.tests.backend_test.TestRoleGuards" name="test_admin_can_access_reports_overview" time="0.132" /><testcase classname="backend.tests.backend_test.TestUsers" name="test_admin_list_users" time="0.130" /><testcase classname="backend.tests.backend_test.TestUsers" name="test_admin_create_user" time="0.333" /><testcase classname="backend.tests.backend_test.TestUsers" name="test_admin_update_user" time="0.109" /><testcase classname="backend.tests.backend_test.TestUsers" name="test_executive_cannot_create_user" time="0.146" /><testcase classname="backend.tests.backend_test.TestUsers" name="test_admin_delete_user" time="0.139" /><testcase classname="backend.tests.backend_test.TestIndiamart" name="test_indiamart_round_robin" time="1.020" /><testcase classname="backend.tests.backend_test.TestJustdial" name="test_justdial_parse_and_create" time="0.279" /><testcase classname="backend.tests.backend_test.TestJustdial" name="test_justdial_duplicate_detection" time="0.228" /><testcase classname="backend.tests.backend_test.TestLeadsIsolation" name="test_executive_sees_only_own_leads" time="0.232" /><testcase classname="backend.tests.backend_test.TestLeadsIsolation" name="test_admin_reassign" time="0.564" /><testcase classname="backend.tests.backend_test.TestLeadsIsolation" name="test_executive_cannot_reassign" time="0.239" /><testcase classname="backend.tests.backend_test.TestLeadsIsolation" name="test_add_note_and_appears" time="0.315" /><testcase classname="backend.tests.backend_test.TestLeadsIsolation" name="test_executive_opens_lead_marks_opened_at" time="0.466" /><testcase classname="backend.tests.backend_test.TestWhatsApp" name="test_welcome_auto_message_on_create" time="0.735" /><testcase classname="backend.tests.backend_test.TestWhatsApp" name="test_whatsapp_send_stores_message" time="0.348" /><testcase classname="backend.tests.backend_test.TestWhatsApp" name="test_templates_list_and_crud" time="0.468" /><testcase classname="backend.tests.backend_test.TestFollowups" name="test_create_and_complete_followup" time="0.340" /><testcase classname="backend.tests.backend_test.TestRoutingRules" name="test_get_and_update" time="0.508" /><testcase classname="backend.tests.backend_test.TestReports" name="test_overview_fields" time="0.117" /><testcase classname="backend.tests.backend_test.TestReports" name="test_my_reports_executive" time="0.110" /><testcase classname="backend.tests.backend_test.TestWhatsAppWebhook" name="test_verify_challenge" time="0.110" /><testcase classname="backend.tests.backend_test.TestWhatsAppWebhook" name="test_incoming_message" time="0.340" /></testsuite></testsuites>